This file contains any messages produced by compilers while
running configure, to aid debugging if configure makes a mistake.

It was created by OpenJDK configure jdk8, which was
generated by GNU Autoconf 2.69.  Invocation command line was

  $ ./common/autoconf/configure --enable-option-checking=fatal OBJCOPY=gobjcopy --with-debug-level=slowdebug --enable-debug-symbols ZIP_DEBUGINFO_FILES=0

## --------- ##
## Platform. ##
## --------- ##

hostname = cgdeMacBook-Pro.lan
uname -m = x86_64
uname -r = 18.6.0
uname -s = Darwin
uname -v = Darwin Kernel Version 18.6.0: Thu Apr 25 23:16:27 PDT 2019; root:xnu-4903.261.4~2/RELEASE_X86_64

/usr/bin/uname -p = i386
/bin/uname -X     = unknown

/bin/arch              = unknown
/usr/bin/arch -k       = unknown
/usr/convex/getsysinfo = unknown
/usr/bin/hostinfo      = Mach kernel version:
	 Darwin Kernel Version 18.6.0: Thu Apr 25 23:16:27 PDT 2019; root:xnu-4903.261.4~2/RELEASE_X86_64
Kernel configured for up to 8 processors.
4 processors are physically available.
8 processors are logically available.
Processor type: x86_64h (Intel x86-64h Haswell)
Processors active: 0 1 2 3 4 5 6 7
Primary memory available: 16.00 gigabytes
Default processor set: 274 tasks, 990 threads, 8 processors
Load average: 1.99, Mach factor: 6.00
/bin/machine           = unknown
/usr/bin/oslevel       = unknown
/bin/universe          = unknown

PATH: /Applications/Xcode.app/Contents/Developer/Toolchains/XcodeDefault.xctoolchain/usr/bin
PATH: /Applications/Xcode.app/Contents/Developer/Toolchains/XcodeDefault.xctoolchain/usr/local/bin
PATH: /Applications/Xcode.app/Contents/Developer/Toolchains/XcodeDefault.xctoolchain/usr/libexec
PATH: /Applications/Xcode.app/Contents/Developer/Platforms/MacOSX.platform/Developer/usr/bin
PATH: /Applications/Xcode.app/Contents/Developer/Platforms/MacOSX.platform/Developer/usr/local/bin
PATH: /Applications/Xcode.app/Contents/Developer/Platforms/MacOSX.platform/usr/bin
PATH: /Applications/Xcode.app/Contents/Developer/Platforms/MacOSX.platform/usr/local/bin
PATH: /Applications/Xcode.app/Contents/Developer/usr/bin
PATH: /Applications/Xcode.app/Contents/Developer/usr/local/bin
PATH: /Applications/Xcode.app/Contents/Developer/Tools
PATH: /usr/local/bin
PATH: /usr/bin
PATH: /bin
PATH: /usr/sbin
PATH: /sbin


## ----------- ##
## Core tests. ##
## ----------- ##

configure:3892: Configuration created at Fri Dec  4 23:01:33 CST 2020.
configure:3894: configure script generated at timestamp 1416326200.
configure:3911: checking for basename
configure:3929: found /usr/bin/basename
configure:3941: result: /usr/bin/basename
configure:3970: checking for bash
configure:4000: result: /bin/bash
configure:4029: checking for cat
configure:4047: found /bin/cat
configure:4059: result: /bin/cat
configure:4088: checking for chmod
configure:4106: found /bin/chmod
configure:4118: result: /bin/chmod
configure:4147: checking for cmp
configure:4165: found /usr/bin/cmp
configure:4177: result: /usr/bin/cmp
configure:4206: checking for comm
configure:4224: found /usr/bin/comm
configure:4236: result: /usr/bin/comm
configure:4265: checking for cp
configure:4283: found /bin/cp
configure:4295: result: /bin/cp
configure:4324: checking for cpio
configure:4342: found /usr/bin/cpio
configure:4354: result: /usr/bin/cpio
configure:4383: checking for cut
configure:4401: found /usr/bin/cut
configure:4413: result: /usr/bin/cut
configure:4442: checking for date
configure:4460: found /bin/date
configure:4472: result: /bin/date
configure:4501: checking for gdiff
configure:4534: result: no
configure:4501: checking for diff
configure:4519: found /usr/bin/diff
configure:4531: result: /usr/bin/diff
configure:4560: checking for dirname
configure:4578: found /usr/bin/dirname
configure:4590: result: /usr/bin/dirname
configure:4619: checking for echo
configure:4637: found /bin/echo
configure:4649: result: /bin/echo
configure:4678: checking for expr
configure:4696: found /bin/expr
configure:4708: result: /bin/expr
configure:4737: checking for file
configure:4755: found /usr/bin/file
configure:4767: result: /usr/bin/file
configure:4796: checking for find
configure:4814: found /usr/bin/find
configure:4826: result: /usr/bin/find
configure:4855: checking for head
configure:4873: found /usr/bin/head
configure:4885: result: /usr/bin/head
configure:4914: checking for ln
configure:4932: found /bin/ln
configure:4944: result: /bin/ln
configure:4973: checking for ls
configure:4991: found /bin/ls
configure:5003: result: /bin/ls
configure:5032: checking for mkdir
configure:5050: found /bin/mkdir
configure:5062: result: /bin/mkdir
configure:5091: checking for mktemp
configure:5109: found /usr/bin/mktemp
configure:5121: result: /usr/bin/mktemp
configure:5150: checking for mv
configure:5168: found /bin/mv
configure:5180: result: /bin/mv
configure:5209: checking for printf
configure:5227: found /usr/bin/printf
configure:5239: result: /usr/bin/printf
configure:5268: checking for rm
configure:5286: found /bin/rm
configure:5298: result: /bin/rm
configure:5327: checking for sh
configure:5345: found /bin/sh
configure:5357: result: /bin/sh
configure:5386: checking for sort
configure:5404: found /usr/bin/sort
configure:5416: result: /usr/bin/sort
configure:5445: checking for tail
configure:5463: found /usr/bin/tail
configure:5475: result: /usr/bin/tail
configure:5504: checking for tar
configure:5522: found /usr/bin/tar
configure:5534: result: /usr/bin/tar
configure:5563: checking for tee
configure:5581: found /usr/bin/tee
configure:5593: result: /usr/bin/tee
configure:5622: checking for touch
configure:5640: found /usr/bin/touch
configure:5652: result: /usr/bin/touch
configure:5681: checking for tr
configure:5699: found /usr/bin/tr
configure:5711: result: /usr/bin/tr
configure:5740: checking for uname
configure:5758: found /usr/bin/uname
configure:5770: result: /usr/bin/uname
configure:5799: checking for uniq
configure:5817: found /usr/bin/uniq
configure:5829: result: /usr/bin/uniq
configure:5858: checking for wc
configure:5876: found /usr/bin/wc
configure:5888: result: /usr/bin/wc
configure:5917: checking for which
configure:5935: found /usr/bin/which
configure:5947: result: /usr/bin/which
configure:5976: checking for xargs
configure:5994: found /usr/bin/xargs
configure:6006: result: /usr/bin/xargs
configure:6036: checking for gawk
configure:6066: result: no
configure:6036: checking for mawk
configure:6066: result: no
configure:6036: checking for nawk
configure:6066: result: no
configure:6036: checking for awk
configure:6052: found /usr/bin/awk
configure:6063: result: awk
configure:6086: checking for grep that handles long lines and -e
configure:6144: result: /usr/bin/grep
configure:6161: checking for egrep
configure:6223: result: /usr/bin/grep -E
configure:6240: checking for fgrep
configure:6302: result: /usr/bin/grep -F
configure:6319: checking for a sed that does not truncate output
configure:6383: result: /usr/bin/sed
configure:6405: checking for nawk
configure:6438: result: no
configure:6405: checking for gawk
configure:6438: result: no
configure:6405: checking for awk
configure:6423: found /usr/bin/awk
configure:6435: result: /usr/bin/awk
configure:6469: checking for cygpath
configure:6502: result: no
configure:6509: checking for readlink
configure:6527: found /usr/bin/readlink
configure:6539: result: /usr/bin/readlink
configure:6549: checking for df
configure:6567: found /bin/df
configure:6579: result: /bin/df
configure:6589: checking for SetFile
configure:6607: found /Applications/Xcode.app/Contents/Developer/usr/bin/SetFile
configure:6619: result: /Applications/Xcode.app/Contents/Developer/usr/bin/SetFile
configure:6635: checking build system type
configure:6649: result: x86_64-apple-darwin18.6.0
configure:6669: checking host system type
configure:6682: result: x86_64-apple-darwin18.6.0
configure:6702: checking target system type
configure:6715: result: x86_64-apple-darwin18.6.0
configure:6887: checking openjdk-build os-cpu
configure:6889: result: macosx-x86_64
configure:7018: checking openjdk-target os-cpu
configure:7020: result: macosx-x86_64
configure:7070: checking compilation type
configure:7072: result: native
configure:7771: checking for presence of closed sources
configure:7778: result: no
configure:7781: checking if closed source is suppressed (openjdk-only)
configure:7784: result: no
configure:7821: checking which variant of the JDK to build
configure:7838: result: normal
configure:7848: checking which interpreter of the JVM to build
configure:7869: result: template
configure:7886: checking which variants of the JVM to build
configure:7905: result: server
configure:7977: checking which debug level to use
configure:8001: result: slowdebug
configure:8166: checking what configuration name to use
configure:8168: result: macosx-x86_64-normal-server-slowdebug
configure:8335: checking for apt-get
configure:8365: result: no
configure:8335: checking for yum
configure:8365: result: no
configure:8335: checking for port
configure:8365: result: no
configure:8335: checking for pkgutil
configure:8351: found /usr/sbin/pkgutil
configure:8362: result: pkgutil
configure:8700: checking for gmake
configure:8733: result: no
configure:9054: checking for make
configure:9072: found /Applications/Xcode.app/Contents/Developer/usr/bin/make
configure:9084: result: /Applications/Xcode.app/Contents/Developer/usr/bin/make
configure:9099: Testing potential make at /Applications/Xcode.app/Contents/Developer/usr/bin/make, found using make in PATH
configure:9367: Resolving FOUND_MAKE (as /Applications/Xcode.app/Contents/Developer/usr/bin/make) failed, using /Applications/Xcode.app/Contents/Developer/usr/bin/make directly.
configure:10126: Using GNU make 3.81 (or later) at /Applications/Xcode.app/Contents/Developer/usr/bin/make (version: GNU Make 3.81)
configure:10132: checking if find supports -delete
configure:10148: result: yes
configure:10162: checking for unzip
configure:10180: found /usr/bin/unzip
configure:10192: result: /usr/bin/unzip
configure:10221: checking for zip
configure:10239: found /usr/bin/zip
configure:10251: result: /usr/bin/zip
configure:10280: checking for ldd
configure:10313: result: no
configure:10326: checking for otool
configure:10344: found /Applications/Xcode.app/Contents/Developer/Toolchains/XcodeDefault.xctoolchain/usr/bin/otool
configure:10356: result: /Applications/Xcode.app/Contents/Developer/Toolchains/XcodeDefault.xctoolchain/usr/bin/otool
configure:10371: checking for readelf
configure:10404: result: no
configure:10371: checking for greadelf
configure:10404: result: no
configure:10414: checking for hg
configure:10447: result: no
configure:10454: checking for stat
configure:10472: found /usr/bin/stat
configure:10484: result: /usr/bin/stat
configure:10494: checking for time
configure:10512: found /usr/bin/time
configure:10524: result: /usr/bin/time
configure:10609: checking for dsymutil
configure:10627: found /Applications/Xcode.app/Contents/Developer/Toolchains/XcodeDefault.xctoolchain/usr/bin/dsymutil
configure:10639: result: /Applications/Xcode.app/Contents/Developer/Toolchains/XcodeDefault.xctoolchain/usr/bin/dsymutil
configure:10668: checking for xattr
configure:10686: found /usr/bin/xattr
configure:10698: result: /usr/bin/xattr
configure:10724: checking for codesign
configure:10742: found /usr/bin/codesign
configure:10754: result: /usr/bin/codesign
configure:10764: checking if openjdk_codesign certificate is present
openjdk_codesign: no identity found
configure:10771: result: no
configure:10831: checking for pkg-config
configure:10849: found /usr/local/bin/pkg-config
configure:10861: result: /usr/local/bin/pkg-config
configure:10886: checking pkg-config is at least version 0.9.0
configure:10889: result: yes
configure:11004: checking for 7z
configure:11034: result: no
configure:11004: checking for unzip
configure:11020: found /usr/bin/unzip
configure:11031: result: unzip
configure:11050: checking for wget
configure:11080: result: no
configure:11050: checking for lftp
configure:11080: result: no
configure:11050: checking for ftp
configure:11080: result: no
configure:11104: checking headful support
configure:11128: result: include support for both headful and headless
configure:11990: Found potential Boot JDK using JAVA_HOME
configure:12154: checking for Boot JDK
configure:12156: result: /Library/Java/JavaVirtualMachines/jdk1.7.0_80.jdk/Contents/Home
configure:12158: checking Boot JDK version
configure:12161: result: java version "1.7.0_80" Java(TM) SE Runtime Environment (build 1.7.0_80-b15) Java HotSpot(TM) 64-Bit Server VM (build 24.80-b11, mixed mode) 
configure:15974: checking for java in Boot JDK
configure:15984: result: ok
configure:15988: checking for javac in Boot JDK
configure:15998: result: ok
configure:16002: checking for javah in Boot JDK
configure:16012: result: ok
configure:16016: checking for javap in Boot JDK
configure:16026: result: ok
configure:16030: checking for jar in Boot JDK
configure:16040: result: ok
configure:16044: checking for rmic in Boot JDK
configure:16054: result: ok
configure:16058: checking for native2ascii in Boot JDK
configure:16068: result: ok
configure:16091: checking flags for boot jdk java command 
Check if jvm arg is ok: -XX:-PrintVMOptions -XX:-UnlockDiagnosticVMOptions -XX:-LogVMOutput
Command: /Library/Java/JavaVirtualMachines/jdk1.7.0_80.jdk/Contents/Home/bin/java -XX:-PrintVMOptions -XX:-UnlockDiagnosticVMOptions -XX:-LogVMOutput -version
Arg failed:
Improperly specified VM option 'LogVMOutput'
Error: Could not create the Java Virtual Machine.
Error: A fatal exception has occurred. Program will exit.
Check if jvm arg is ok: 
Command: /Library/Java/JavaVirtualMachines/jdk1.7.0_80.jdk/Contents/Home/bin/java  -version
configure:16128: result:  
configure:16136: checking flags for boot jdk java command for big workloads
Check if jvm arg is ok: -Xms64M
Command: /Library/Java/JavaVirtualMachines/jdk1.7.0_80.jdk/Contents/Home/bin/java -Xms64M -version
Check if jvm arg is ok: -Xmx1600M
Command: /Library/Java/JavaVirtualMachines/jdk1.7.0_80.jdk/Contents/Home/bin/java -Xmx1600M -version
Check if jvm arg is ok: -XX:ThreadStackSize=1536
Command: /Library/Java/JavaVirtualMachines/jdk1.7.0_80.jdk/Contents/Home/bin/java -XX:ThreadStackSize=1536 -version
Check if jvm arg is ok: -XX:PermSize=32m
Command: /Library/Java/JavaVirtualMachines/jdk1.7.0_80.jdk/Contents/Home/bin/java -XX:PermSize=32m -version
Check if jvm arg is ok: -XX:MaxPermSize=160m
Command: /Library/Java/JavaVirtualMachines/jdk1.7.0_80.jdk/Contents/Home/bin/java -XX:MaxPermSize=160m -version
configure:16230: result:  -Xms64M -Xmx1600M -XX:ThreadStackSize=1536 -XX:PermSize=32m -XX:MaxPermSize=160m
configure:16237: checking flags for boot jdk java command for small workloads
Check if jvm arg is ok: -XX:+UseSerialGC
Command: /Library/Java/JavaVirtualMachines/jdk1.7.0_80.jdk/Contents/Home/bin/java -XX:+UseSerialGC -version
Check if jvm arg is ok: -Xms32M
Command: /Library/Java/JavaVirtualMachines/jdk1.7.0_80.jdk/Contents/Home/bin/java -Xms32M -version
Check if jvm arg is ok: -Xmx512M
Command: /Library/Java/JavaVirtualMachines/jdk1.7.0_80.jdk/Contents/Home/bin/java -Xmx512M -version
configure:16287: result:  -XX:+UseSerialGC -Xms32M -Xmx512M
configure:16655: checking for jtreg
configure:16657: result: no
configure:19335: checking for clang
configure:19353: found /Applications/Xcode.app/Contents/Developer/Toolchains/XcodeDefault.xctoolchain/usr/bin/clang
configure:19365: result: /Applications/Xcode.app/Contents/Developer/Toolchains/XcodeDefault.xctoolchain/usr/bin/clang
configure:19648: Resolving CC (as /Applications/Xcode.app/Contents/Developer/Toolchains/XcodeDefault.xctoolchain/usr/bin/clang) failed, using /Applications/Xcode.app/Contents/Developer/Toolchains/XcodeDefault.xctoolchain/usr/bin/clang directly.
configure:19682: checking resolved symbolic links for CC
configure:19732: result: /Applications/Xcode.app/Contents/Developer/Toolchains/XcodeDefault.xctoolchain/usr/bin/clang
configure:19735: checking if CC is disguised ccache
configure:20174: result: no, keeping CC
configure:20228: The C compiler (located as /Applications/Xcode.app/Contents/Developer/Toolchains/XcodeDefault.xctoolchain/usr/bin/clang) does not seem to be the required GCC compiler.
configure:20230: The result from running with --version was: "Apple LLVM version 9.0.0 (clang-900.0.37)"
configure:20245: Using Apple LLVM version (clang-900.0.37) C compiler version 9.0.0 (clang-900.0.37) (located at /Applications/Xcode.app/Contents/Developer/Toolchains/XcodeDefault.xctoolchain/usr/bin/clang)
configure:20362: checking for C compiler version
configure:20371: /Applications/Xcode.app/Contents/Developer/Toolchains/XcodeDefault.xctoolchain/usr/bin/clang --version >&5
Apple LLVM version 9.0.0 (clang-900.0.37)
Target: x86_64-apple-darwin18.6.0
Thread model: posix
InstalledDir: /Applications/Xcode.app/Contents/Developer/Toolchains/XcodeDefault.xctoolchain/usr/bin
configure:20382: $? = 0
configure:20371: /Applications/Xcode.app/Contents/Developer/Toolchains/XcodeDefault.xctoolchain/usr/bin/clang -v >&5
Apple LLVM version 9.0.0 (clang-900.0.37)
Target: x86_64-apple-darwin18.6.0
Thread model: posix
InstalledDir: /Applications/Xcode.app/Contents/Developer/Toolchains/XcodeDefault.xctoolchain/usr/bin
configure:20382: $? = 0
configure:20371: /Applications/Xcode.app/Contents/Developer/Toolchains/XcodeDefault.xctoolchain/usr/bin/clang -V >&5
clang: error: argument to '-V' is missing (expected 1 value)
clang: error: no input files
configure:20382: $? = 1
configure:20371: /Applications/Xcode.app/Contents/Developer/Toolchains/XcodeDefault.xctoolchain/usr/bin/clang -qversion >&5
clang: error: unknown argument: '-qversion'
clang: error: no input files
configure:20382: $? = 1
configure:20402: checking whether the C compiler works
configure:20424: /Applications/Xcode.app/Contents/Developer/Toolchains/XcodeDefault.xctoolchain/usr/bin/clang    conftest.c  >&5
ld: warning: URGENT: building for OSX, but linking against dylib (/usr/lib/libSystem.dylib) built for (unknown). Note: This will be an error in the future.
configure:20428: $? = 0
configure:20476: result: yes
configure:20479: checking for C compiler default output file name
configure:20481: result: a.out
configure:20487: checking for suffix of executables
configure:20494: /Applications/Xcode.app/Contents/Developer/Toolchains/XcodeDefault.xctoolchain/usr/bin/clang -o conftest    conftest.c  >&5
ld: warning: URGENT: building for OSX, but linking against dylib (/usr/lib/libSystem.dylib) built for (unknown). Note: This will be an error in the future.
configure:20498: $? = 0
configure:20520: result: 
configure:20542: checking whether we are cross compiling
configure:20550: /Applications/Xcode.app/Contents/Developer/Toolchains/XcodeDefault.xctoolchain/usr/bin/clang -o conftest    conftest.c  >&5
conftest.c:9:10: fatal error: 'stdio.h' file not found
#include <stdio.h>
         ^~~~~~~~~
1 error generated.
configure:20554: $? = 1
configure:20561: ./conftest
./common/autoconf/generated-configure.sh: line 20563: ./conftest: No such file or directory
configure:20565: $? = 127
configure:20572: error: in `/Volumes/Mac/OpenJdk/openjdk8/myOpenJDK':
configure:20574: error: cannot run C compiled programs.
If you meant to cross compile, use `--host'.
See `config.log' for more details

## ---------------- ##
## Cache variables. ##
## ---------------- ##

ac_cv_build=x86_64-apple-darwin18.6.0
ac_cv_env_ALSA_CFLAGS_set=
ac_cv_env_ALSA_CFLAGS_value=
ac_cv_env_ALSA_LIBS_set=
ac_cv_env_ALSA_LIBS_value=
ac_cv_env_CCC_set=
ac_cv_env_CCC_value=
ac_cv_env_CC_set=set
ac_cv_env_CC_value=clang
ac_cv_env_CFLAGS_set=
ac_cv_env_CFLAGS_value=
ac_cv_env_CPPFLAGS_set=
ac_cv_env_CPPFLAGS_value=
ac_cv_env_CPP_set=
ac_cv_env_CPP_value=
ac_cv_env_CXXCPP_set=
ac_cv_env_CXXCPP_value=
ac_cv_env_CXXFLAGS_set=
ac_cv_env_CXXFLAGS_value=
ac_cv_env_CXX_set=
ac_cv_env_CXX_value=
ac_cv_env_FREETYPE_CFLAGS_set=
ac_cv_env_FREETYPE_CFLAGS_value=
ac_cv_env_FREETYPE_LIBS_set=
ac_cv_env_FREETYPE_LIBS_value=
ac_cv_env_LDFLAGS_set=
ac_cv_env_LDFLAGS_value=
ac_cv_env_LIBFFI_CFLAGS_set=
ac_cv_env_LIBFFI_CFLAGS_value=
ac_cv_env_LIBFFI_LIBS_set=
ac_cv_env_LIBFFI_LIBS_value=
ac_cv_env_LIBS_set=
ac_cv_env_LIBS_value=
ac_cv_env_OBJCFLAGS_set=
ac_cv_env_OBJCFLAGS_value=
ac_cv_env_OBJC_set=
ac_cv_env_OBJC_value=
ac_cv_env_PKG_CONFIG_set=
ac_cv_env_PKG_CONFIG_value=
ac_cv_env_XMKMF_set=
ac_cv_env_XMKMF_value=
ac_cv_env_build_alias_set=
ac_cv_env_build_alias_value=
ac_cv_env_host_alias_set=
ac_cv_env_host_alias_value=
ac_cv_env_target_alias_set=
ac_cv_env_target_alias_value=
ac_cv_host=x86_64-apple-darwin18.6.0
ac_cv_path_BASENAME=/usr/bin/basename
ac_cv_path_BASH=/bin/bash
ac_cv_path_CAT=/bin/cat
ac_cv_path_CHECK_MAKE=/Applications/Xcode.app/Contents/Developer/usr/bin/make
ac_cv_path_CHMOD=/bin/chmod
ac_cv_path_CMP=/usr/bin/cmp
ac_cv_path_CODESIGN=/usr/bin/codesign
ac_cv_path_COMM=/usr/bin/comm
ac_cv_path_CP=/bin/cp
ac_cv_path_CPIO=/usr/bin/cpio
ac_cv_path_CUT=/usr/bin/cut
ac_cv_path_DATE=/bin/date
ac_cv_path_DF=/bin/df
ac_cv_path_DIFF=/usr/bin/diff
ac_cv_path_DIRNAME=/usr/bin/dirname
ac_cv_path_DSYMUTIL=/Applications/Xcode.app/Contents/Developer/Toolchains/XcodeDefault.xctoolchain/usr/bin/dsymutil
ac_cv_path_ECHO=/bin/echo
ac_cv_path_EGREP='/usr/bin/grep -E'
ac_cv_path_EXPR=/bin/expr
ac_cv_path_FGREP='/usr/bin/grep -F'
ac_cv_path_FILE=/usr/bin/file
ac_cv_path_FIND=/usr/bin/find
ac_cv_path_GREP=/usr/bin/grep
ac_cv_path_HEAD=/usr/bin/head
ac_cv_path_LN=/bin/ln
ac_cv_path_LS=/bin/ls
ac_cv_path_MKDIR=/bin/mkdir
ac_cv_path_MKTEMP=/usr/bin/mktemp
ac_cv_path_MV=/bin/mv
ac_cv_path_NAWK=/usr/bin/awk
ac_cv_path_OTOOL=/Applications/Xcode.app/Contents/Developer/Toolchains/XcodeDefault.xctoolchain/usr/bin/otool
ac_cv_path_POTENTIAL_CC=/Applications/Xcode.app/Contents/Developer/Toolchains/XcodeDefault.xctoolchain/usr/bin/clang
ac_cv_path_PRINTF=/usr/bin/printf
ac_cv_path_READLINK=/usr/bin/readlink
ac_cv_path_RM=/bin/rm
ac_cv_path_SED=/usr/bin/sed
ac_cv_path_SETFILE=/Applications/Xcode.app/Contents/Developer/usr/bin/SetFile
ac_cv_path_SH=/bin/sh
ac_cv_path_SORT=/usr/bin/sort
ac_cv_path_STAT=/usr/bin/stat
ac_cv_path_TAIL=/usr/bin/tail
ac_cv_path_TAR=/usr/bin/tar
ac_cv_path_TEE=/usr/bin/tee
ac_cv_path_TIME=/usr/bin/time
ac_cv_path_TOUCH=/usr/bin/touch
ac_cv_path_TR=/usr/bin/tr
ac_cv_path_UNAME=/usr/bin/uname
ac_cv_path_UNIQ=/usr/bin/uniq
ac_cv_path_UNZIP=/usr/bin/unzip
ac_cv_path_WC=/usr/bin/wc
ac_cv_path_WHICH=/usr/bin/which
ac_cv_path_XARGS=/usr/bin/xargs
ac_cv_path_XATTR=/usr/bin/xattr
ac_cv_path_ZIP=/usr/bin/zip
ac_cv_path_ac_pt_PKG_CONFIG=/usr/local/bin/pkg-config
ac_cv_prog_AWK=awk
ac_cv_prog_BDEPS_UNZIP=unzip
ac_cv_prog_PKGHANDLER=pkgutil
ac_cv_target=x86_64-apple-darwin18.6.0

## ----------------- ##
## Output variables. ##
## ----------------- ##

ADD_SRC_ROOT=''
ALSA_CFLAGS=''
ALSA_LIBS=''
AR=''
ARFLAGS=''
AR_OUT_OPTION='rcs$(SPACE)'
AS=''
AWK='awk'
BASENAME='/usr/bin/basename'
BASH='/bin/bash'
BDEPS_FTP=''
BDEPS_UNZIP='unzip'
BOOT_JDK='/Library/Java/JavaVirtualMachines/jdk1.7.0_80.jdk/Contents/Home'
BOOT_JDK_SOURCETARGET='-source 7 -target 7'
BOOT_RTJAR='/Library/Java/JavaVirtualMachines/jdk1.7.0_80.jdk/Contents/Home/jre/lib/rt.jar'
BOOT_TOOLSJAR='/Library/Java/JavaVirtualMachines/jdk1.7.0_80.jdk/Contents/Home/lib/tools.jar'
BUILD_CC=''
BUILD_CXX=''
BUILD_HEADLESS='BUILD_HEADLESS:=true'
BUILD_HOTSPOT='true'
BUILD_LD=''
BUILD_LOG='$(OUTPUT_ROOT)/build.log'
BUILD_LOG_PREVIOUS='$(OUTPUT_ROOT)/build.log.old'
BUILD_LOG_WRAPPER='$(BASH) $(SRC_ROOT)/common/bin/logger.sh $(BUILD_LOG)'
BUILD_OUTPUT='/Volumes/Mac/OpenJdk/openjdk8/myOpenJDK/build/macosx-x86_64-normal-server-slowdebug'
BUILD_VARIANT_RELEASE='-debug'
CACERTS_FILE='/Volumes/Mac/OpenJdk/openjdk8/myOpenJDK/jdk/src/share/lib/security/cacerts'
CAT='/bin/cat'
CC='/Applications/Xcode.app/Contents/Developer/Toolchains/XcodeDefault.xctoolchain/usr/bin/clang'
CCACHE=''
CC_OUT_OPTION='-o$(SPACE)'
CFLAGS=''
CFLAGS_DEBUG_SYMBOLS=''
CFLAGS_JDKEXE=''
CFLAGS_JDKLIB=''
CHECK_GMAKE=''
CHECK_MAKE='/Applications/Xcode.app/Contents/Developer/usr/bin/make'
CHECK_TOOLSDIR_GMAKE=''
CHECK_TOOLSDIR_MAKE=''
CHMOD='/bin/chmod'
CMP='/usr/bin/cmp'
CODESIGN=''
COMM='/usr/bin/comm'
COMPANY_NAME='N/A'
COMPILER_NAME='C'
COMPILER_SUPPORTS_TARGET_BITS_FLAG=''
COMPILER_TARGET_BITS_FLAG=''
COMPILER_TYPE=''
COMPILE_TYPE='native'
COMPRESS_JARS='false'
CONFIGURE_COMMAND_LINE='OBJCOPY=gobjcopy --with-debug-level=slowdebug --enable-debug-symbols ZIP_DEBUGINFO_FILES=0'
CONF_NAME='macosx-x86_64-normal-server-slowdebug'
COOKED_BUILD_NUMBER='0'
COPYRIGHT_YEAR='2020'
CORBA_TOPDIR='/Volumes/Mac/OpenJdk/openjdk8/myOpenJDK/corba'
CP='/bin/cp'
CPIO='/usr/bin/cpio'
CPP=''
CPPFLAGS=''
CUPS_CFLAGS=''
CUSTOM_MAKE_DIR=''
CUT='/usr/bin/cut'
CXX=''
CXXCPP=''
CXXFLAGS=''
CXXFLAGS_DEBUG_SYMBOLS=''
CXXFLAGS_JDKEXE=''
CXXFLAGS_JDKLIB=''
CXX_FLAG_DEPS=''
CXX_FLAG_REORDER=''
CXX_O_FLAG_HI=''
CXX_O_FLAG_HIGHEST=''
CXX_O_FLAG_NONE=''
CXX_O_FLAG_NORM=''
CYGPATH=''
CYGWIN_LINK=''
C_FLAG_DEPS=''
C_FLAG_REORDER=''
C_O_FLAG_HI=''
C_O_FLAG_HIGHEST=''
C_O_FLAG_NONE=''
C_O_FLAG_NORM=''
DATE='/bin/date'
DATE_WHEN_CONFIGURED='Fri Dec  4 23:01:33 CST 2020'
DEBUG_CLASSFILES='true'
DEBUG_LEVEL='slowdebug'
DEFINE_CROSS_COMPILE_ARCH=''
DEFS=''
DF='/bin/df'
DIFF='/usr/bin/diff'
DIRNAME='/usr/bin/dirname'
DSYMUTIL='/Applications/Xcode.app/Contents/Developer/Toolchains/XcodeDefault.xctoolchain/usr/bin/dsymutil'
DUMPBIN=''
ECHO='/bin/echo'
ECHO_C=''
ECHO_N='-n'
ECHO_T=''
EGREP='/usr/bin/grep -E'
ENABLE_DEBUG_SYMBOLS=''
ENABLE_INTREE_EC=''
ENABLE_SJAVAC=''
EXEEXT=''
EXE_OUT_OPTION='-o$(SPACE)'
EXE_SUFFIX=''
EXPR='/bin/expr'
FASTDEBUG='false'
FGREP='/usr/bin/grep -F'
FILE='/usr/bin/file'
FIND='/usr/bin/find'
FIND_DELETE='-delete'
FIXPATH=''
FREETYPE_BUNDLE_LIB_PATH=''
FREETYPE_CFLAGS=''
FREETYPE_LIBS=''
GNM=''
GREP='/usr/bin/grep'
HEAD='/usr/bin/head'
HG=''
HOTSPOT_CXX=''
HOTSPOT_DIST='/Volumes/Mac/OpenJdk/openjdk8/myOpenJDK/build/macosx-x86_64-normal-server-slowdebug/hotspot/dist'
HOTSPOT_LD=''
HOTSPOT_MAKE_ARGS=''
HOTSPOT_MT=''
HOTSPOT_RC=''
HOTSPOT_TOPDIR='/Volumes/Mac/OpenJdk/openjdk8/myOpenJDK/hotspot'
INCLUDE_SA='true'
IS_GNU_TIME='no'
JAVAC_CHECK=''
JAVAC_FLAGS=''
JAVA_CHECK=''
JAVA_FLAGS=' '
JAVA_FLAGS_BIG=' -Xms64M -Xmx1600M -XX:ThreadStackSize=1536 -XX:PermSize=32m -XX:MaxPermSize=160m'
JAVA_FLAGS_SMALL=' -XX:+UseSerialGC -Xms32M -Xmx512M'
JAXP_TOPDIR='/Volumes/Mac/OpenJdk/openjdk8/myOpenJDK/jaxp'
JAXWS_TOPDIR='/Volumes/Mac/OpenJdk/openjdk8/myOpenJDK/jaxws'
JDK_BUILD_NUMBER='b00'
JDK_MAJOR_VERSION='1'
JDK_MICRO_VERSION='0'
JDK_MINOR_VERSION='8'
JDK_RC_PLATFORM_NAME='Platform'
JDK_TOPDIR='/Volumes/Mac/OpenJdk/openjdk8/myOpenJDK/jdk'
JDK_UPDATE_VERSION=''
JDK_VARIANT='normal'
JDK_VERSION='1.8.0'
JOBS=''
JTREGEXE=''
JT_HOME=''
JVM_INTERPRETER='template'
JVM_VARIANTS=',server,'
JVM_VARIANT_CLIENT='false'
JVM_VARIANT_CORE='false'
JVM_VARIANT_KERNEL='false'
JVM_VARIANT_MINIMAL1='false'
JVM_VARIANT_SERVER='true'
JVM_VARIANT_ZERO='false'
JVM_VARIANT_ZEROSHARK='false'
LANGTOOLS_TOPDIR='/Volumes/Mac/OpenJdk/openjdk8/myOpenJDK/langtools'
LAUNCHER_NAME='openjdk'
LD=''
LDCXX=''
LDD='true'
LDEXE=''
LDEXECXX=''
LDFLAGS=''
LDFLAGS_CXX_JDK=''
LDFLAGS_JDKEXE=''
LDFLAGS_JDKEXE_SUFFIX=''
LDFLAGS_JDKLIB=''
LDFLAGS_JDKLIB_SUFFIX=''
LD_OUT_OPTION='-o$(SPACE)'
LEGACY_EXTRA_CFLAGS=''
LEGACY_EXTRA_CXXFLAGS=''
LEGACY_EXTRA_LDFLAGS=''
LIBCXX=''
LIBDL=''
LIBFFI_CFLAGS=''
LIBFFI_LIBS=''
LIBM=''
LIBOBJS=''
LIBRARY_PREFIX=''
LIBS=''
LIBZIP_CAN_USE_MMAP=''
LIPO=''
LLVM_CFLAGS=''
LLVM_CONFIG=''
LLVM_LDFLAGS=''
LLVM_LIBS=''
LN='/bin/ln'
LP64='LP64:='
LS='/bin/ls'
LTLIBOBJS=''
MACOSX_BUNDLE_ID_BASE='net.java.openjdk'
MACOSX_BUNDLE_NAME_BASE='OpenJDK'
MACOSX_UNIVERSAL='true'
MACOSX_VERSION_MIN=''
MAKE='/Applications/Xcode.app/Contents/Developer/usr/bin/make'
MCS=''
MEMORY_SIZE=''
MILESTONE='internal'
MKDIR='/bin/mkdir'
MKTEMP='/usr/bin/mktemp'
MSVCR_DLL=''
MT=''
MV='/bin/mv'
NASHORN_TOPDIR='/Volumes/Mac/OpenJdk/openjdk8/myOpenJDK/nashorn'
NAWK='/usr/bin/awk'
NM=''
NUM_CORES=''
OBJC=''
OBJCFLAGS=''
OBJCOPY='gobjcopy'
OBJDUMP=''
OBJEXT=''
OBJ_SUFFIX=''
OPENJDK_BUILD_AUTOCONF_NAME='x86_64-apple-darwin18.6.0'
OPENJDK_BUILD_CPU='x86_64'
OPENJDK_BUILD_CPU_ARCH='x86'
OPENJDK_BUILD_CPU_BITS='64'
OPENJDK_BUILD_CPU_ENDIAN='little'
OPENJDK_BUILD_OS='macosx'
OPENJDK_BUILD_OS_API='posix'
OPENJDK_TARGET_AUTOCONF_NAME='x86_64-apple-darwin18.6.0'
OPENJDK_TARGET_CPU='x86_64'
OPENJDK_TARGET_CPU_ARCH='x86'
OPENJDK_TARGET_CPU_BITS='64'
OPENJDK_TARGET_CPU_ENDIAN='little'
OPENJDK_TARGET_CPU_ISADIR=''
OPENJDK_TARGET_CPU_JLI_CFLAGS='-DLIBARCHNAME='\''"x86_64"'\'''
OPENJDK_TARGET_CPU_LEGACY='x86_64'
OPENJDK_TARGET_CPU_LEGACY_LIB='amd64'
OPENJDK_TARGET_CPU_LIBDIR=''
OPENJDK_TARGET_CPU_OSARCH='x86_64'
OPENJDK_TARGET_OS='macosx'
OPENJDK_TARGET_OS_API='posix'
OPENJDK_TARGET_OS_API_DIR='solaris'
OPENJDK_TARGET_OS_EXPORT_DIR='macosx'
OPENWIN_HOME=''
OS_VERSION_MAJOR='18'
OS_VERSION_MICRO='0'
OS_VERSION_MINOR='6'
OTOOL='/Applications/Xcode.app/Contents/Developer/Toolchains/XcodeDefault.xctoolchain/usr/bin/otool'
OUTPUT_ROOT='/Volumes/Mac/OpenJdk/openjdk8/myOpenJDK/build/macosx-x86_64-normal-server-slowdebug'
OVERRIDE_SRC_ROOT=''
PACKAGE_BUGREPORT='build-dev@openjdk.java.net'
PACKAGE_NAME='OpenJDK'
PACKAGE_PATH=''
PACKAGE_STRING='OpenJDK jdk8'
PACKAGE_TARNAME='openjdk'
PACKAGE_URL='http://openjdk.java.net'
PACKAGE_VERSION='jdk8'
PATH_SEP=':'
PATH_SEPARATOR=':'
PKGHANDLER='pkgutil'
PKG_CONFIG='/usr/local/bin/pkg-config'
POST_MCS_CMD=''
POST_STRIP_CMD=''
POTENTIAL_CC='/Applications/Xcode.app/Contents/Developer/Toolchains/XcodeDefault.xctoolchain/usr/bin/clang'
POTENTIAL_CXX=''
PRINTF='/usr/bin/printf'
PRODUCT_NAME='OpenJDK'
PRODUCT_SUFFIX='Runtime Environment'
PROPER_COMPILER_CC=''
PROPER_COMPILER_CXX=''
RC=''
RC_FLAGS=''
READELF=''
READLINK=''
REQUIRED_OS_NAME='Darwin'
REQUIRED_OS_VERSION='11.2'
RM='/bin/rm -f'
SALIB_NAME=''
SED='/usr/bin/sed'
SETFILE='/Applications/Xcode.app/Contents/Developer/usr/bin/SetFile'
SET_EXECUTABLE_ORIGIN=''
SET_OPENJDK='OPENJDK=true'
SET_SHARED_LIBRARY_MAPFILE=''
SET_SHARED_LIBRARY_NAME=''
SET_SHARED_LIBRARY_ORIGIN=''
SH='/bin/sh'
SHARED_LIBRARY=''
SHARED_LIBRARY_FLAGS=''
SHARED_LIBRARY_SUFFIX=''
SHELL='/bin/sh'
SJAVAC_SERVER_DIR=''
SJAVAC_SERVER_JAVA=''
SORT='/usr/bin/sort'
SPEC='/Volumes/Mac/OpenJdk/openjdk8/myOpenJDK/build/macosx-x86_64-normal-server-slowdebug/spec.gmk'
SRC_ROOT='/Volumes/Mac/OpenJdk/openjdk8/myOpenJDK'
STAT='/usr/bin/stat'
STATIC_CXX_SETTING=''
STATIC_LIBRARY=''
STATIC_LIBRARY_SUFFIX=''
STRIP=''
SUPPORT_HEADFUL='yes'
SUPPORT_HEADLESS='yes'
SYS_ROOT='/'
TAIL='/usr/bin/tail'
TAR='/usr/bin/tar'
TEE='/usr/bin/tee'
TEST_IN_BUILD='false'
TIME='/usr/bin/time'
TOOLS_DIR_CC=''
TOOLS_DIR_CXX=''
TOUCH='/usr/bin/touch'
TR='/usr/bin/tr'
UNAME='/usr/bin/uname'
UNIQ='/usr/bin/uniq'
UNLIMITED_CRYPTO='false'
UNZIP='/usr/bin/unzip'
USER_RELEASE_SUFFIX='cg_2020_12_04_23_01'
USE_EXTERNAL_LIBGIF=''
USE_EXTERNAL_LIBJPEG=''
USE_EXTERNAL_LIBZ=''
USE_PRECOMPILED_HEADER='true'
USING_BROKEN_SUSE_LD=''
VARIANT='DBG'
VS_INCLUDE=''
VS_LIB=''
VS_PATH=''
WC='/usr/bin/wc'
WHICH='/usr/bin/which'
WINAR=''
WINLD=''
XARGS='/usr/bin/xargs'
XATTR='/usr/bin/xattr'
XMKMF=''
X_CFLAGS=''
X_EXTRA_LIBS=''
X_LIBS=''
X_PRE_LIBS=''
ZERO_ARCHDEF='AMD64'
ZERO_ARCHFLAG=''
ZIP='/usr/bin/zip'
ZIP_DEBUGINFO_FILES='0'
ac_ct_CC=''
ac_ct_CXX=''
ac_ct_OBJC=''
ac_ct_OBJCOPY=''
ac_ct_OBJDUMP=''
ac_ct_PROPER_COMPILER_CC=''
ac_ct_PROPER_COMPILER_CXX=''
bindir='${exec_prefix}/bin'
build='x86_64-apple-darwin18.6.0'
build_alias=''
build_cpu='x86_64'
build_os='darwin18.6.0'
build_vendor='apple'
datadir='${datarootdir}'
datarootdir='${prefix}/share'
docdir='${datarootdir}/doc/${PACKAGE_TARNAME}'
dvidir='${docdir}'
exec_prefix='NONE'
host='x86_64-apple-darwin18.6.0'
host_alias=''
host_cpu='x86_64'
host_os='darwin18.6.0'
host_vendor='apple'
htmldir='${docdir}'
includedir='${prefix}/include'
infodir='${datarootdir}/info'
libdir='${exec_prefix}/lib'
libexecdir='${exec_prefix}/libexec'
localedir='${datarootdir}/locale'
localstatedir='${prefix}/var'
mandir='${datarootdir}/man'
oldincludedir='/usr/include'
pdfdir='${docdir}'
prefix='NONE'
program_transform_name='s,x,x,'
psdir='${docdir}'
sbindir='${exec_prefix}/sbin'
sharedstatedir='${prefix}/com'
sysconfdir='${prefix}/etc'
target='x86_64-apple-darwin18.6.0'
target_alias=''
target_cpu='x86_64'
target_os='darwin18.6.0'
target_vendor='apple'

## ----------- ##
## confdefs.h. ##
## ----------- ##

/* confdefs.h */
#define PACKAGE_NAME "OpenJDK"
#define PACKAGE_TARNAME "openjdk"
#define PACKAGE_VERSION "jdk8"
#define PACKAGE_STRING "OpenJDK jdk8"
#define PACKAGE_BUGREPORT "build-dev@openjdk.java.net"
#define PACKAGE_URL "http://openjdk.java.net"

configure: exit 1
